<?xml version="1.0" encoding="UTF-8"?>
<!-- Generated by org.testng.reporters.JUnitReportReporter -->
<testsuite skipped="0" hostname="DESKTOP-HBCBIO0" name="org.Sample.Class1" tests="1" failures="0" timestamp="17 Jun 2020 16:41:25 GMT" time="0.016" errors="0">
  <testcase name="Method1" time="0.016" classname="org.Sample.Class1"/>
</testsuite> <!-- org.Sample.Class1 -->
