<?xml version="1.0" encoding="UTF-8"?>
<!-- Generated by org.testng.reporters.JUnitReportReporter -->
<testsuite skipped="0" hostname="DESKTOP-HBCBIO0" name="org.Testng.Dependgroup" tests="5" failures="0" timestamp="09 Jun 2020 13:54:40 GMT" time="0.024" errors="0">
  <testcase name="testCase5" time="0.001" classname="org.Testng.Dependgroup"/>
  <testcase name="testCase4" time="0.002" classname="org.Testng.Dependgroup"/>
  <testcase name="testCase1" time="0.002" classname="org.Testng.Dependgroup"/>
  <testcase name="testCase2" time="0.015" classname="org.Testng.Dependgroup"/>
  <testcase name="testCase3" time="0.004" classname="org.Testng.Dependgroup"/>
</testsuite> <!-- org.Testng.Dependgroup -->
