<?xml version="1.0" encoding="UTF-8"?>
<!-- Generated by org.testng.reporters.JUnitReportReporter -->
<testsuite skipped="0" hostname="DESKTOP-HBCBIO0" name="org.Sample.Dataprovider01" tests="3" failures="0" timestamp="09 Jun 2020 19:13:01 GMT" time="0.038" errors="0">
  <testcase name="setData" time="0.023" classname="org.Sample.Dataprovider01"/>
  <testcase name="setData" time="0.011" classname="org.Sample.Dataprovider01"/>
  <testcase name="setData" time="0.004" classname="org.Sample.Dataprovider01"/>
</testsuite> <!-- org.Sample.Dataprovider01 -->
