<?xml version="1.0" encoding="UTF-8"?>
<!-- Generated by org.testng.reporters.JUnitReportReporter -->
<testsuite skipped="0" hostname="DESKTOP-HBCBIO0" name="org.Sample.AccessData" tests="3" failures="0" timestamp="09 Jun 2020 19:43:46 GMT" time="0.033" errors="0">
  <testcase name="setData" time="0.027" classname="org.Sample.AccessData"/>
  <testcase name="setData" time="0.004" classname="org.Sample.AccessData"/>
  <testcase name="setData" time="0.002" classname="org.Sample.AccessData"/>
</testsuite> <!-- org.Sample.AccessData -->
