<?xml version="1.0" encoding="UTF-8"?>
<!-- Generated by org.testng.reporters.JUnitReportReporter -->
<testsuite skipped="0" hostname="DESKTOP-HBCBIO0" name="org.Sample.Dependgroup" tests="2" failures="0" timestamp="09 Jun 2020 17:29:08 GMT" time="0.020" errors="0">
  <testcase name="testCase5" time="0.001" classname="org.Sample.Dependgroup"/>
  <testcase name="testCase1" time="0.019" classname="org.Sample.Dependgroup"/>
</testsuite> <!-- org.Sample.Dependgroup -->
