<?xml version="1.0" encoding="UTF-8"?>
<!-- Generated by org.testng.reporters.JUnitReportReporter -->
<testsuite skipped="0" hostname="DESKTOP-HBCBIO0" name="org.Sample.Priority" tests="4" failures="0" timestamp="22 Jan 2020 16:50:34 GMT" time="0.039" errors="0">
  <testcase name="cTest" time="0.031" classname="org.Sample.Priority"/>
  <testcase name="dTest" time="0.002" classname="org.Sample.Priority"/>
  <testcase name="bTest" time="0.003" classname="org.Sample.Priority"/>
  <testcase name="aTest" time="0.003" classname="org.Sample.Priority"/>
</testsuite> <!-- org.Sample.Priority -->
