<?xml version="1.0" encoding="UTF-8"?>
<!-- Generated by org.testng.reporters.JUnitReportReporter -->
<testsuite skipped="0" hostname="DESKTOP-HBCBIO0" name="org.Sample.Suite" tests="3" failures="0" timestamp="27 May 2020 17:21:32 GMT" time="0.074" errors="0">
  <testcase name="mobile2" time="0.011" classname="org.Sample.Suite"/>
  <testcase name="mobile2" time="0.022" classname="org.Sample.Suite"/>
  <testcase name="mobile2" time="0.041" classname="org.Sample.Suite"/>
</testsuite> <!-- org.Sample.Suite -->
