<?xml version="1.0" encoding="UTF-8"?>
<!-- Generated by org.testng.reporters.JUnitReportReporter -->
<testsuite skipped="0" hostname="DESKTOP-HBCBIO0" name="org.Testng.Dependsmethods" tests="3" failures="0" timestamp="09 Jun 2020 13:42:59 GMT" time="0.023" errors="0">
  <testcase name="testCase1" time="0.002" classname="org.Testng.Dependsmethods"/>
  <testcase name="testCase3" time="0.019" classname="org.Testng.Dependsmethods"/>
  <testcase name="testCase2" time="0.002" classname="org.Testng.Dependsmethods"/>
</testsuite> <!-- org.Testng.Dependsmethods -->
