<?xml version="1.0" encoding="UTF-8"?>
<!-- Generated by org.testng.reporters.JUnitReportReporter -->
<testsuite skipped="1" hostname="DESKTOP-HBCBIO0" name="org.Sample.Ignore" tests="4" failures="0" timestamp="22 Jan 2020 16:43:57 GMT" time="0.023" errors="0">
  <testcase name="dTest" time="0.003" classname="org.Sample.Ignore"/>
  <testcase name="bTest" time="0.005" classname="org.Sample.Ignore"/>
  <testcase name="aTest" time="0.015" classname="org.Sample.Ignore"/>
  <testcase name="cTest" classname="org.Sample.Ignore">
    <skipped/>
  </testcase> <!-- cTest -->
</testsuite> <!-- org.Sample.Ignore -->
