<?xml version="1.0" encoding="UTF-8"?>
<!-- Generated by org.testng.reporters.JUnitReportReporter -->
<testsuite skipped="0" hostname="DESKTOP-HBCBIO0" name="org.Testng.SampleTest" tests="1" failures="0" timestamp="17 Nov 2019 07:49:54 GMT" time="0.625" errors="0">
  <testcase name="userDetail" time="0.625" classname="org.Testng.SampleTest"/>
</testsuite> <!-- org.Testng.SampleTest -->
