<?xml version="1.0" encoding="UTF-8"?>
<!-- Generated by org.testng.reporters.JUnitReportReporter -->
<testsuite skipped="0" hostname="DESKTOP-HBCBIO0" name="org.Sample.MethodLevel" tests="4" failures="0" timestamp="27 May 2020 11:53:46 GMT" time="0.099" errors="0">
  <testcase name="Method1" time="0.025" classname="org.Sample.MethodLevel"/>
  <testcase name="Method3" time="0.025" classname="org.Sample.MethodLevel"/>
  <testcase name="Method2" time="0.025" classname="org.Sample.MethodLevel"/>
  <testcase name="Method4" time="0.024" classname="org.Sample.MethodLevel"/>
</testsuite> <!-- org.Sample.MethodLevel -->
