<?xml version="1.0" encoding="UTF-8"?>
<!-- Generated by org.testng.reporters.JUnitReportReporter -->
<testsuite skipped="0" hostname="DESKTOP-HBCBIO0" name="org.Sample.Optional22" tests="1" failures="0" timestamp="09 Jun 2020 15:57:15 GMT" time="0.025" errors="0">
  <testcase name="testMethod" time="0.025" classname="org.Sample.Optional22"/>
</testsuite> <!-- org.Sample.Optional22 -->
