<?xml version="1.0" encoding="UTF-8"?>
<!-- Generated by org.testng.reporters.JUnitReportReporter -->
<testsuite skipped="0" hostname="DESKTOP-HBCBIO0" name="org.Sample.M2" tests="4" failures="0" timestamp="27 May 2020 11:49:16 GMT" time="0.032" errors="0">
  <testcase name="Method4" time="0.002" classname="org.Sample.M2"/>
  <testcase name="Method3" time="0.001" classname="org.Sample.M2"/>
  <testcase name="Method2" time="0.002" classname="org.Sample.M2"/>
  <testcase name="Method1" time="0.027" classname="org.Sample.M2"/>
</testsuite> <!-- org.Sample.M2 -->
